0 1 53 36 2 43 8 72 3 50 63 4 83 5 49 9 6 20 29 10 25 85 82 11 79 86 12 39 64 70 13 92 14 61 30 15 21 59 56 37 19 38 48 22 75 24 91 73 76 27 28 32 41 77 40 44 93 87 71 47 66 52 99 62 97 69 80 81 84 96
0 1
1 2
53 86
36 77
36 37
2 63
2 50
43 93
8 72
8 9
72 71
72 44
3 4
3 83
50 52
63 62
63 64
63 56
4 49
83 84
83 62
83 9
83 5
5 6
5 20
49 76
9 10
9 82
9 25
20 21
29 19
29 28
10 86
25 24
85 84
85 27
82 81
11 12
79 80
86 87
86 69
86 32
12 92
39 40
39 38
64 97
70 92
13 30
13 61
13 14
92 93
92 91
92 80
14 59
14 15
61 62
21 22
38 73
48 66
48 47
75 76
73 71
76 77
27 28
41 40
71 66
66 99
97 96
80 81