0 1 7 3 2 9 13 20 8 16 17 10 15 11 12 18 51 24 21 43 23 27 28 54 61 57 30 44 58 80 35 40 38 36 48 41 42 47 49 82 56 63 59 74 60 64 69 72 65 66 88 67 71 90 97 76 84 77 93 78 87 81
0 7
0 1
1 3
7 8
2 9
9 17
13 10
13 51
20 27
20 23
8 16
16 43
17 21
10 15
15 12
15 21
11 12
18 51
24 23
21 28
43 30
43 38
27 61
28 57
54 63
61 60
57 58
57 56
30 44
30 58
30 80
44 42
58 59
58 74
80 78
35 38
40 36
40 42
40 41
38 48
48 49
48 47
47 82
82 81
63 65
59 60
74 71
60 72
60 69
60 64
64 66
64 88
69 90
72 76
65 67
67 71
90 97
76 77
84 81
77 93
78 87