0 9 15 25 1 19 4 28 30 2 14 23 31 32 33 3 34 7 37 38 39 5 21 20 40 41 42 6 16 43 44 46 47 48 18 50 11 52 54 10 55 56 57 60 12 61 13 24 66 67 71 74 75 17 76 79 82 83 84 86 87 88 90 93 94 97 98
0 25
9 54
9 52
15 71
25 42
1 28
1 30
19 82
19 83
4 37
4 38
4 39
28 50
30 83
2 31
2 33
2 32
14 67
23 94
31 87
32 52
3 34
34 76
7 47
7 46
7 48
37 60
37 44
38 79
39 94
5 42
5 41
5 40
21 88
21 90
20 87
20 86
40 55
6 43
6 44
16 74
16 75
43 93
46 88
47 67
48 84
18 79
11 60
52 75
54 82
10 56
10 57
10 55
55 82
55 66
57 71
60 82
12 61
61 75
13 66
24 97
24 98
17 76
76 82
82 84
83 98