0 1 10 2 3 5 6 14 9 19 11 20 12 13 15 18 29 30 22 23 31 24 25 26 39 40 32 35 36 49 41 50 44 45 46 51 47 48 59 60 52 53 54 55 56 65 69 61 70 62 63 66 77 79 71 80 73 76 89 81 90 82 83 84 85 86 99 91 92 93 94 95 96
0 1
0 10
1 2
10 11
10 20
2 3
5 6
5 14
14 13
14 15
9 19
19 18
19 29
11 12
20 30
12 13
29 39
30 31
30 40
22 23
22 31
23 24
31 32
24 25
25 26
39 49
40 41
40 50
35 36
36 49
49 48
49 59
50 51
50 60
44 45
45 46
45 51
46 47
51 52
47 48
59 69
60 61
60 70
52 53
53 54
54 55
55 56
55 65
65 66
69 79
61 62
70 71
70 80
62 63
66 77
77 76
79 89
80 73
80 81
80 90
81 82
90 91
82 83
83 84
84 85
85 86
86 99
91 92
92 93
93 94
94 95
95 96