2 3 4 9 20 21 22 27 28 29 32 37 43 44 46 49 53 54 59 62 64 68 69 71 75 76 79 81 83 85 87 92 93 94 16 24 38 39 45 55 63 78 80 82 7 8 23 58 95 96 97 5 6 17 25 50 91 40 86
2 21
2 95
3 16
4 55
9 7
20 40
20 64
21 93
21 80
21 78
22 6
22 95
27 17
28 95
28 46
28 76
28 55
28 49
29 76
29 39
32 92
37 44
37 24
37 87
43 93
44 17
46 68
49 75
49 59
53 64
54 5
54 94
62 92
62 38
68 16
68 96
69 81
69 25
71 82
79 97
81 93
83 8
85 58
87 23
92 95
92 50
93 24
93 8
94 78
38 82
45 40
63 86
63 58
78 91
7 8
7 40
95 97
91 86