0 19 12 25 26 1 20 15 29 2 21 9 33 3 5 35 36 4 14 13 37 16 7 24 40 41 42 6 18 43 48 8 50 11 52 53 54 10 23 56 59 17 62 65 66 69 71 74 22 76 77 80 84 87 89 90 92 94 96 97 98
0 26
0 25
19 84
12 62
25 74
25 87
26 94
26 65
26 76
1 29
20 87
15 71
29 54
2 33
21 89
9 53
9 52
9 54
33 52
3 35
3 36
3 5
5 41
5 42
5 40
4 37
14 69
13 65
13 66
37 69
16 74
7 48
24 98
24 97
40 65
42 53
6 43
18 80
43 96
48 62
8 50
50 66
11 59
52 56
52 59
53 84
54 89
54 62
10 56
23 94
23 96
17 77
17 76
62 90
62 97
66 69
71 77
74 92
22 92
80 84