0 24 32 38 41 68 72 1 8 30 77 2 11 15 26 27 43 50 59 84 3 10 39 49 65 76 4 17 56 5 9 19 20 60 6 18 34 52 7 28 71 73 16 31 58 75 82 23 67 80 12 25 36 53 13 85 14 47 51 54 64 21 46 62 63 70 57 78 22 29 69 40 55 37 45 33 79 35 61 48 74 42 44 81 66 83
0 32
24 1
32 73
32 38
38 61
41 27
41 4
41 6
68 40
72 59
72 67
72 40
72 46
1 77
1 8
30 23
30 37
30 39
77 60
77 51
2 15
11 23
15 64
15 49
26 34
27 36
43 78
50 42
59 53
59 81
84 73
84 39
84 47
84 75
84 79
3 39
10 60
39 19
65 53
65 9
76 7
76 29
76 62
17 46
56 69
56 35
56 66
56 45
5 19
19 21
19 70
20 78
20 64
20 57
20 82
60 29
6 52
6 18
34 25
52 71
52 44
7 28
28 73
73 36
16 12
31 25
58 47
75 85
67 42
67 55
80 63
12 36
12 25
25 54
53 33
13 85
14 47
64 29
64 46
63 29
57 83
57 69
22 29
37 48
48 74