0 1 15 26 27 28 2 13 4 31 32 3 34 35 23 24 39 5 21 40 6 8 9 19 45 7 46 49 52 53 56 57 11 16 58 59 12 62 64 65 66 14 67 22 70 72 74 17 77 18 81 82 83 84 85 88 89 90 91 92 93 95 99
0 27
0 26
1 28
15 70
15 72
27 74
28 32
2 32
2 31
13 66
13 64
13 65
4 39
31 49
32 89
32 81
3 35
3 34
34 89
34 52
35 57
23 95
24 99
39 72
5 40
21 89
21 88
21 90
40 66
6 45
8 49
9 53
9 52
19 82
19 84
19 83
45 62
45 92
45 95
45 58
7 46
46 72
56 91
57 85
11 59
16 74
58 99
59 65
12 62
64 89
66 77
14 67
67 82
22 93
22 91
22 92
72 89
74 88
17 77
18 81
84 90
90 92