82 89 92 11 29 33 70 78 37 3 61 63 21 53 79 6 8 66 64 99 35 9 16 62 69 10 13 58 81 24 41 12 25 43 68 74 15 48 98 31 17 40 34 47 20 39 45 90 97 27 85 96 32 54 38 93 84 94 91
82 96
89 54
89 27
89 32
92 3
11 61
29 39
29 78
29 66
29 31
29 6
29 15
33 3
33 70
70 40
70 41
37 16
61 8
61 12
63 16
63 6
21 99
53 9
53 38
79 68
8 35
66 43
66 20
66 74
64 69
99 25
99 45
99 12
35 24
9 62
9 69
9 16
16 25
62 58
10 13
10 81
13 43
68 74
48 98
48 31
98 40
17 40
34 54
47 32
39 96
45 84
90 54
97 32
27 85
27 96
85 94
85 91
38 93