0 2 1 4 5 6 7 10 12 13 14 18 19 16 20 22 21 26 29 27 32 34 31 33 35 37 39 42 43 44 40 45 49 46 47 48 53 54 56 59 55 58 57 61 62 60 65 66 69 67 73 70 74 71 77 75 81 83 80 82 87 88 85 86 91 93 94 92 90 99 98
0 1
2 1
2 4
2 93
4 48
5 55
6 34
6 7
10 12
10 14
10 13
13 46
13 65
14 54
18 19
18 16
19 90
19 48
20 22
20 87
22 21
21 82
26 27
26 75
26 29
32 34
32 31
32 33
31 98
33 81
33 49
35 37
35 39
37 43
42 75
42 62
43 44
44 40
44 74
45 48
45 49
45 46
47 48
47 70
53 71
56 59
56 90
56 57
59 58
55 58
61 60
61 62
62 74
66 69
66 91
69 67
73 71
70 74
70 71
77 86
81 80
83 80
83 82
87 88
88 85
85 86
91 94
93 92
94 92
99 98