0 1 2 3 4 5 6 7 10 14 15 17 19 20 21 22 23 25 27 29 32 33 34 35 36 37 38 41 42 43 44 46 49 52 53 54 56 57 58 60 63 64 65 66 70 71 72 73 74 75 79 80 81 84 86 90 91 92 94 95 97
0 17
0 37
1 58
1 66
1 56
1 72
2 3
3 91
3 95
4 57
5 6
5 64
6 7
10 41
10 46
14 38
15 71
17 33
17 81
19 23
19 35
20 21
21 22
22 75
22 34
23 73
23 84
25 58
25 52
27 32
27 86
29 60
32 54
32 73
32 74
33 60
34 42
35 49
36 44
36 94
37 97
37 44
37 71
38 53
43 80
43 72
44 91
46 84
53 54
56 57
63 84
64 65
65 66
66 92
70 79
70 84
71 72
72 74
74 75
75 90