1 89 21 4 5 6 38 70 9 76 68 13 96 15 43 57 17 18 44 19 61 20 83 77 53 25 51 74 28 40 31 30 32 92 35 36 37 69 59 39 64 97 48 49 63 56 52 94 58 67 60 93 62 75 66 79 73 88 84 90 95
1 21
89 88
89 90
21 20
4 5
5 6
5 38
38 37
38 39
70 69
9 68
76 75
76 77
68 67
13 96
96 95
96 97
15 57
43 44
57 56
57 58
17 18
17 44
18 19
18 61
19 20
19 83
61 60
61 62
83 84
53 52
25 74
51 52
74 73
74 75
28 31
40 39
31 30
31 32
32 92
92 93
35 36
36 37
36 69
37 59
59 58
59 60
64 63
48 49
48 63
63 62
52 94
94 93
94 95
58 67
67 66
60 93
62 75
66 79
90 95