2 5 54 56 78 1 37 63 66 70 94 7 10 55 62 84 20 38 50 92 6 65 98 23 52 72 27 76 81 11 36 34 75 83 13 51 61 97 22 41 47 96 18 17 21 28 53 82 42 73 79 25 49 74 31 45 91 57
2 62
2 55
5 38
5 20
54 55
54 18
54 75
56 27
78 61
78 47
1 70
1 63
1 94
37 94
63 53
63 21
63 11
63 49
63 6
66 53
70 72
94 79
94 42
7 92
10 81
55 98
84 91
84 79
20 36
38 13
50 73
92 36
92 76
6 65
23 25
52 57
52 53
27 41
27 22
27 74
76 75
81 31
11 36
36 45
34 42
83 97
83 49
51 53
61 25
61 49
97 82
22 79
96 82
17 28
28 74
73 79
31 45