0 1 2 3 4 5 6 7 8 9 10 11 12 13 14 15 16 17 18 19 20 21 22 23 24 25 26 27 28 29 30 31 32 33 34 35 36 37 38 39 40 41 42 43 44 45 46 47 48 49 50 51 52 53 54 55 56 57 58 59 60 61 62 63 64 65 66 67 68 69 70 71 72 73 74 75 76 77 78 79 80 81 82 83 84 85 86 87 88 89 90 91 92 93 94 95 96 97 98 99
0 1
1 2
2 3
3 4
4 5
5 6
6 7
7 8
8 9
9 10
10 11
11 12
12 13
13 63
13 64
13 65
13 14
13 66
14 37
14 38
14 35
14 36
14 15
15 32
15 34
15 16
15 31
15 33
16 39
16 42
16 17
16 41
16 40
17 68
17 69
17 67
17 70
17 18
18 19
19 20
20 21
21 22
22 23
23 24
24 25
25 26
26 27
27 28
28 29
29 30
31 44
31 46
31 45
31 47
31 43
32 51
32 48
32 50
32 52
32 49
33 56
33 54
33 57
33 55
33 53
34 62
34 60
34 58
34 59
34 61
35 75
35 73
35 71
35 72
35 74
36 76
36 78
36 80
36 79
36 77
37 84
37 81
37 89
37 85
37 82
37 83
38 86
38 88
38 87
38 90
39 95
39 93
39 94
39 92
39 91
40 96
40 98
40 99
40 97