2 3 1 8 5 11 4 13 14 15 16 18 19 22 23 24 27 28 29 31 34 35 36 37 38 40 41 42 43 44 45 46 47 49 51 52 53 57 58 59 64 65 69 72 75 76 77 78 79 80 81 83 86 90 91 93 94 95 97 99
2 86
2 31
2 97
3 11
1 75
1 41
8 5
5 76
5 43
11 36
4 47
13 24
13 14
14 99
15 42
15 27
16 94
18 23
18 93
19 34
22 65
23 34
23 59
24 34
24 57
27 34
28 43
29 40
29 46
29 90
31 94
31 34
34 43
35 91
35 65
36 91
37 91
37 94
38 86
38 81
38 46
40 45
42 58
43 77
44 90
47 94
49 57
49 51
49 95
49 75
52 64
52 93
53 90
59 79
64 83
69 99
72 77
77 80
78 97