15 20 27 1 4 29 2 24 31 32 33 3 22 35 36 37 5 12 40 6 7 43 44 45 14 19 46 48 23 50 9 53 54 56 11 60 61 13 16 65 67 68 21 70 74 75 17 77 81 82 83 85 86 90 91 92 93 94 97
15 70
20 86
20 85
27 91
1 29
4 37
29 43
2 31
2 33
2 32
24 97
31 44
3 36
3 35
22 91
22 92
22 93
35 85
36 60
37 61
5 40
12 61
40 46
6 45
6 43
7 46
7 48
43 46
43 86
43 77
44 86
45 97
14 67
14 68
19 83
19 82
46 75
23 94
50 53
9 54
53 82
54 77
56 93
56 81
11 60
61 83
13 65
16 74
16 75
65 75
67 86
68 94
21 90
70 92
17 77
83 86
86 92
90 93