0 1 11 5 2 25 26 27 8 28 29 6 24 31 32 33 3 16 14 34 4 10 37 39 15 42 43 44 7 9 47 49 51 18 53 54 55 60 12 21 61 13 22 64 66 20 67 72 75 76 79 80 19 84 85 87 89 90 93 95 99
0 25
0 27
0 26
1 28
1 29
11 60
5 42
2 31
2 32
2 33
25 43
26 29
26 80
26 90
27 49
27 93
27 32
8 51
8 49
28 34
29 37
29 66
6 43
6 44
24 99
31 67
32 42
32 75
3 34
16 75
14 67
4 39
10 55
37 84
39 93
15 72
42 60
44 99
7 47
9 53
9 54
47 80
51 85
18 79
18 80
53 55
55 90
55 61
12 61
21 90
21 89
13 66
13 64
22 93
20 85
20 87
72 87
76 90
79 95
19 84