5 21 23 25 27 8 15 29 30 2 3 13 33 34 35 4 14 39 40 42 6 12 43 7 48 22 49 54 18 55 56 60 62 16 64 65 66 67 68 69 20 70 71 72 73 74 75 17 76 80 19 83 84 86 87 88 89 92 93 94 95 96 99
5 40
5 42
21 89
21 88
23 94
23 96
23 95
25 65
27 87
8 49
15 72
15 71
15 70
29 94
30 88
30 33
2 33
3 34
3 35
13 64
13 65
13 66
34 70
4 39
14 68
14 67
14 69
39 69
40 55
42 80
6 43
12 62
43 88
7 48
48 67
22 93
49 64
54 89
18 80
56 93
60 75
62 92
16 74
16 75
16 73
66 84
68 93
69 76
69 71
69 73
20 87
20 86
70 86
70 94
71 88
72 84
17 76
80 94
19 84
19 83
86 92
88 99