21 25 27 1 6 28 29 2 15 20 14 31 32 3 10 35 36 4 13 9 38 39 5 8 40 42 17 44 7 11 47 48 49 54 12 57 60 61 62 23 65 24 67 68 18 71 16 73 76 77 78 19 81 82 83 87 88 89 90 93 95 96 99
21 89
21 88
25 89
27 32
1 28
1 29
6 44
28 48
28 39
29 96
2 31
2 32
15 71
20 87
14 67
14 68
31 77
32 60
3 35
3 36
10 57
35 81
36 39
4 39
4 38
13 65
9 54
38 54
5 42
5 40
8 49
40 48
42 65
17 77
17 76
17 78
44 82
7 48
7 47
11 60
47 99
48 67
48 78
49 67
12 62
12 61
57 73
61 82
61 78
23 96
24 99
68 71
68 87
18 81
71 95
16 73
73 82
76 90
19 82
83 88
83 99
90 93