0 3 25 26 1 30 2 11 31 32 18 35 36 7 12 9 37 8 40 6 44 45 48 22 50 10 52 53 54 57 59 60 61 62 63 13 64 65 66 14 20 16 69 72 24 73 17 19 76 77 80 84 21 86 88 89 90 23 91 92 95 97 98 99
0 26
3 36
3 35
25 77
26 97
1 30
30 91
2 32
2 31
11 60
11 59
31 88
32 37
18 80
35 84
35 57
35 88
36 62
7 48
12 62
12 63
9 52
9 54
9 53
8 50
40 89
6 44
6 45
45 65
48 80
22 92
22 91
50 54
10 57
52 88
52 77
59 90
61 99
62 86
63 72
13 66
13 64
13 65
64 88
14 69
20 86
16 73
69 77
24 97
24 99
24 98
73 88
17 77
17 76
19 84
80 99
84 95
21 88
21 90
21 89
88 92
88 98
23 95