41 70 47 43 42 37 87 60 72 20 13 12 93 11 39 88 84 67 62 16 51 32 21 1 89 36 80 85 25 76 30 63 19 38 48 71 91 15 68 8 3 61 78 64 81 56 53 69 82 54 98 31 95 9 94 34 77 22 29
41 62
41 80
70 38
70 87
70 72
47 94
47 56
43 1
42 98
42 22
42 3
42 9
37 89
37 13
37 88
60 21
60 25
20 38
20 98
20 77
13 61
12 53
12 76
93 1
11 78
11 51
39 56
88 31
84 56
67 19
67 63
67 54
62 9
62 34
16 85
51 21
51 98
51 8
32 53
1 38
1 30
36 71
85 30
76 48
38 56
71 22
91 34
15 8
15 64
68 31
8 69
78 95
81 77
53 54
82 95
54 34
31 9
95 29