23 27 1 30 2 11 16 9 32 3 7 36 4 10 8 37 39 5 17 42 6 43 44 48 12 24 51 52 55 56 58 59 61 62 63 13 21 14 64 65 66 15 22 68 69 70 71 73 77 78 18 80 81 83 86 90 92 94 95 96 97 99
23 96
23 95
23 94
27 80
1 30
30 61
2 32
11 58
16 73
9 52
32 61
3 36
7 48
36 77
4 39
4 37
10 55
10 56
8 51
37 86
39 62
5 42
17 77
42 71
6 43
43 90
43 48
43 68
44 78
44 62
12 61
12 63
24 97
24 99
51 77
52 55
55 95
56 92
58 66
58 70
58 77
59 83
59 70
62 73
62 97
62 94
63 95
13 64
13 66
21 90
14 68
14 69
65 73
15 71
15 70
22 92
68 96
70 95
18 81
18 80
81 96