0 16 15 25 27 13 30 2 22 32 33 3 6 12 34 35 4 20 39 5 10 42 7 9 19 43 44 45 47 8 14 23 49 50 54 56 58 61 62 64 65 66 68 69 70 71 72 73 74 76 18 79 83 85 86 88 91 92 93 95 96 99
0 27
0 25
16 73
16 74
15 72
15 71
15 70
25 56
27 70
13 66
13 65
30 34
2 32
2 33
22 92
22 93
22 91
32 64
32 44
32 47
33 99
3 34
3 35
6 45
6 43
6 44
12 61
12 62
35 72
4 39
20 85
20 86
39 71
5 42
10 56
42 64
7 47
9 54
19 83
43 95
44 85
44 49
45 72
47 54
8 50
8 49
14 69
14 68
23 95
23 96
58 92
62 65
65 72
69 70
71 79
74 86
76 93
18 79
83 86
86 88
93 95