14 15 91 33 34 16 57 29 31 13 92 45 40 28 23 30 82 90 43 67 80 70 50 7 2 68 26 42 72 46 77 60 75 84 63 35 69 11 27 97 5 39 74 89 22 48 21 10 58 88 17 12 53 41 85 4 54 93
14 15
15 91
91 75
33 93
34 45
34 67
16 23
57 92
29 77
31 60
13 58
92 12
92 4
40 22
28 43
23 30
30 74
82 90
90 7
43 74
43 67
67 41
80 93
80 48
80 69
80 70
70 50
70 41
50 7
50 63
2 17
68 26
26 42
26 4
42 72
46 84
46 4
46 77
60 27
75 84
63 35
11 27
11 88
27 97
5 39
39 74
74 89
22 53
21 93
21 10
58 41
58 88
88 54
17 12
12 53
53 41
85 4