0 15 27 1 17 18 29 2 19 31 33 3 6 34 10 38 39 40 41 12 43 7 13 47 48 8 50 9 52 53 55 56 57 11 58 59 60 16 61 63 64 65 20 69 23 72 74 76 77 78 21 24 79 80 81 83 86 89 90 22 93 94 95 96 98
0 27
15 72
27 43
27 57
1 29
17 76
17 78
17 77
18 79
18 80
18 81
29 34
2 31
2 33
19 83
33 55
3 34
6 43
34 94
10 55
10 56
10 57
38 58
38 72
39 56
40 58
41 90
12 61
12 63
7 48
7 47
13 65
13 64
47 52
48 69
8 50
50 56
9 52
9 53
52 55
55 80
11 59
11 58
11 60
58 93
59 81
59 63
59 64
60 98
16 74
64 74
65 86
20 86
23 94
23 96
23 95
77 80
21 90
21 89
24 98
79 89
80 95
83 95
22 93