0 14 27 1 20 3 28 29 2 17 32 7 18 15 36 4 8 6 37 19 42 12 43 47 48 49 9 53 10 24 55 56 57 11 59 61 62 13 21 64 23 67 69 71 72 16 74 76 77 78 79 80 82 87 88 90 92 95 96 98
0 27
14 69
14 67
27 82
27 77
27 61
1 28
1 29
20 87
3 36
28 87
29 77
2 32
17 76
17 77
17 78
32 72
7 48
7 47
18 80
18 79
15 71
15 72
36 53
4 37
8 49
6 43
37 61
19 82
42 61
12 61
12 62
43 95
43 47
49 96
9 53
53 55
10 56
10 57
10 55
24 98
55 79
56 76
56 67
57 90
11 59
59 88
13 64
21 90
21 88
64 77
23 96
23 95
67 98
71 92
72 78
16 74
74 78
78 95