0 1 11 14 19 22 23 25 27 28 29 32 39 40 46 47 49 52 53 54 56 57 60 61 62 63 66 69 7 70 72 77 79 81 84 85 86 87 93 94 96 97 98 10 13 15 17 31 35 38 43 5 67 71 74 82 48 92 95 21 4
0 81
0 70
1 47
1 49
11 53
11 39
11 23
14 43
19 77
19 61
22 39
22 56
23 84
25 77
25 5
27 43
27 35
28 29
28 43
28 5
29 63
32 93
32 60
39 87
40 71
46 62
46 49
47 54
47 10
49 66
49 69
49 94
49 87
49 60
49 74
49 79
49 82
52 77
53 13
54 95
57 74
62 67
63 72
66 15
66 7
66 5
69 48
69 71
70 79
79 92
85 43
86 98
87 98
93 96
93 4
97 31
17 92
31 92
38 5
92 21