32 34 2 3 19 4 5 21 7 8 24 11 13 25 36 38 14 39 16 17 26 18 23 27 29 31 43 35 42 48 49 50 54 51 55 57 58 59 60 63 61 64 69 66 75 67 70 79 80 78 72 74 77 82 83 73 84 85 88 95 92
32 19
34 27
2 3
3 4
19 18
4 5
4 21
5 60
5 7
5 8
21 23
7 58
24 23
24 25
11 36
11 13
11 38
13 14
13 25
38 35
14 39
39 48
16 17
17 18
26 18
26 27
26 29
18 23
27 31
29 43
43 42
48 49
49 50
50 51
54 55
55 58
57 58
59 63
59 61
60 61
63 64
64 69
69 75
66 67
75 88
75 84
67 74
67 72
70 79
79 78
79 95
79 80
80 77
78 72
72 73
74 83
82 83
73 84
84 85
95 92