0 69 1 8 58 40 4 13 17 36 57 5 49 55 79 38 43 7 23 42 46 10 80 85 95 24 22 83 14 52 63 65 66 27 77 18 62 78 96 98 21 93 45 75 54 48 29 31 32 33 99 74 59 73 47 44 82 71 50 64
0 69
69 80
1 8
8 42
58 40
40 18
4 57
4 17
13 83
17 77
36 31
36 48
57 55
5 79
5 49
49 45
55 82
38 31
38 27
43 48
43 82
43 52
7 23
23 24
42 99
46 22
10 80
10 85
85 18
85 66
95 98
95 73
24 14
24 75
24 21
22 63
83 52
14 63
14 52
14 66
52 44
52 71
65 47
65 64
66 96
66 78
77 64
18 62
62 29
96 50
98 45
21 93
45 44
75 74
54 47
54 59
31 32
32 99
33 74