37 50 73 81 1 41 80 89 95 2 19 29 43 57 12 83 87 4 22 47 62 77 5 9 18 67 6 21 82 88 92 40 94 34 42 65 10 64 68 71 72 56 66 14 53 51 38 44 61 69 17 20 86 76 45 58 97 85 79
37 45
50 20
50 21
73 1
73 68
81 38
81 68
1 89
41 61
41 79
80 29
80 43
89 86
89 64
89 79
95 68
95 53
2 43
2 19
29 58
29 97
29 67
57 58
12 56
83 62
83 72
87 66
87 10
4 22
4 47
22 34
22 65
47 82
47 64
77 45
77 34
5 67
9 65
18 61
18 69
18 17
6 82
21 10
21 56
88 51
92 71
40 34
94 79
34 71
42 71
10 64
68 14
72 86
51 45
44 85
44 58
86 97
76 58