81 99 50 59 9 63 2 6 86 87 16 68 90 44 58 23 41 95 65 61 37 34 46 21 71 91 60 72 0 55 93 28 24 1 79 54 57 39 75 32 94 40 56 74 35 89 27 11 38 73 12 98 10 42 67 83 20 77
81 99
99 44
50 32
50 60
50 55
59 67
59 20
9 93
63 40
2 87
2 6
86 46
86 79
86 65
87 1
87 28
16 68
68 40
68 58
68 44
68 27
90 58
90 72
44 95
44 41
44 61
23 75
41 65
95 42
65 74
65 11
61 37
61 38
61 56
37 57
34 73
34 56
34 1
46 91
21 93
71 73
60 11
72 83
0 32
93 1
24 12
1 75
79 39
54 57
94 67
40 89
40 35
74 10
35 20
27 98
12 98
83 77