0 1 6 8 10 11 12 13 14 15 17 18 24 25 26 29 33 35 37 39 40 41 43 44 45 46 47 48 49 50 51 55 56 59 60 61 63 66 67 69 70 71 72 73 74 75 76 77 79 81 84 88 89 92 93 94 95 96 97 98 99
0 75
0 99
0 63
1 45
6 95
8 41
10 69
10 11
10 46
11 35
11 12
12 56
13 14
14 15
15 47
17 84
18 51
18 50
24 89
25 92
26 61
29 37
33 45
37 73
39 44
39 84
40 41
41 69
43 44
43 77
44 45
45 46
46 47
46 94
47 48
47 49
48 67
49 50
55 60
59 92
60 61
61 96
66 67
69 70
70 71
71 79
72 95
72 73
73 74
74 81
76 77
88 89
89 94
92 93
93 94
94 95
95 96
96 97
97 98
98 99