1 2 4 8 9 11 13 14 15 16 18 20 22 25 28 30 31 32 33 35 38 39 41 42 43 46 48 49 50 54 56 57 58 60 61 65 66 67 68 69 70 72 73 74 75 76 77 79 80 83 84 85 87 90 91 93 94 96 97 98
1 25
1 2
4 68
8 9
8 28
9 43
11 83
13 14
14 15
15 16
16 68
18 42
20 70
22 56
25 84
25 33
30 31
31 32
32 33
35 93
38 79
38 39
38 98
39 70
41 42
42 43
42 97
43 58
43 90
43 84
46 94
48 49
49 60
49 50
49 84
54 74
56 57
57 79
58 67
60 61
65 66
65 87
66 67
67 68
69 73
69 96
72 73
74 75
75 80
75 76
76 77
79 80
80 93
83 84
84 93
84 85
90 91
93 94
96 97