2 5 8 9 12 13 14 17 18 19 20 23 24 25 26 27 30 31 32 33 34 35 38 39 40 41 42 43 44 47 48 49 50 51 52 53 54 57 58 59 60 61 62 63 66 67 68 69 70 71 74 75 76 77 78 81 82 83 84 87 88 89 92 93 96 99
2 5
5 8
8 13
9 13
12 18
13 18
14 19
17 24
18 25
19 25
20 26
23 31
24 32
25 32
26 33
27 34
30 39
31 40
32 41
33 41
34 42
35 43
38 39
39 40
40 50
41 50
42 43
42 51
43 44
47 48
48 49
49 50
50 51
50 59
50 60
51 52
51 61
52 53
53 54
57 58
58 59
58 66
59 67
60 68
60 69
61 62
61 70
62 63
62 71
67 74
68 75
68 76
69 77
70 78
75 81
76 82
76 83
77 84
82 87
82 88
83 89
88 92
88 93
92 96
96 99