0 10 11 16 17 19 22 23 30 52 57 58 59 62 63 64 66 70 71 72 73 82 85 86 90 91 92 94 95 27 32 34 41 42 43 50 54 67 68 69 81 84 89 96 9 20 21 26 35 36 77 5 33 46 99 6 88 25 51 97 7
0 72
0 66
10 5
11 90
11 22
11 6
11 63
16 84
17 22
19 68
23 91
23 89
30 64
30 51
52 26
57 69
58 84
58 92
58 50
59 9
59 99
62 97
63 43
63 33
66 25
70 73
71 21
71 86
72 42
72 84
73 32
82 94
82 43
82 9
85 46
86 27
90 35
91 41
94 32
94 81
95 42
27 33
27 20
32 88
34 36
43 89
43 26
54 36
54 77
67 7
67 46
68 84
68 33
69 81
84 97
84 96
20 51
20 36
35 5
46 6