0 9 18 25 26 1 8 28 29 2 24 31 3 4 11 34 35 12 16 23 37 38 39 5 15 41 42 6 14 43 45 7 47 17 50 51 53 10 21 56 59 13 61 66 68 70 71 72 73 76 81 82 85 86 22 88 91 94 95 96 98
0 26
0 25
9 53
18 81
25 59
25 37
26 56
1 29
1 28
8 50
8 51
28 76
29 39
2 31
24 98
31 71
3 35
3 34
4 37
4 38
4 39
11 59
35 95
12 61
16 73
23 95
23 96
23 94
38 91
38 96
38 71
39 41
39 45
5 42
5 41
15 71
15 72
15 70
41 86
41 66
42 68
6 45
6 43
14 68
43 88
7 47
47 91
17 76
50 71
53 70
10 56
21 88
13 66
61 71
61 85
66 98
72 81
73 94
82 86
22 91