6 73 25 17 8 47 54 3 87 83 12 61 92 50 0 38 62 37 77 39 35 99 10 74 86 97 24 69 28 58 40 82 41 36 81 63 14 34 26 46 31 98 93 65 60 7 23 68 79 52 33 75 64 48 49 11 90 21
6 74
73 52
73 48
25 33
25 98
17 64
8 23
47 86
47 74
54 65
54 36
3 69
3 48
87 93
87 52
83 68
83 33
12 77
61 92
92 68
50 82
0 74
0 68
38 35
38 11
38 79
62 28
62 34
37 26
77 46
39 99
39 52
39 11
35 81
10 81
74 97
97 26
97 52
97 7
24 28
58 40
40 49
82 75
41 52
36 64
36 21
36 7
63 49
63 23
14 34
14 26
26 31
46 60
60 90
7 90
75 64
49 11