0 22 27 1 12 14 7 28 29 30 2 6 32 33 3 16 24 34 35 4 9 21 37 5 41 42 43 20 46 47 48 8 49 10 52 17 57 11 18 60 61 13 64 65 66 67 71 19 73 75 76 77 79 81 82 83 84 23 86 88 90 91 94 99
0 27
22 91
27 83
1 29
1 28
1 30
12 61
14 67
7 48
7 46
7 47
28 60
29 42
29 47
2 32
2 33
6 43
33 66
3 34
3 35
16 73
16 75
24 99
34 37
35 83
4 37
9 52
21 90
21 88
5 42
5 41
41 71
43 76
20 86
46 79
46 84
46 90
46 75
46 65
47 76
48 99
8 49
49 90
10 57
52 82
17 76
17 77
57 88
11 60
18 81
18 79
61 67
13 65
13 66
13 64
67 75
67 91
19 82
19 84
19 83
73 86
23 94
94 99