0 10 25 27 1 16 23 12 28 2 6 21 18 31 3 13 36 4 39 5 9 40 17 43 44 7 46 8 50 53 54 55 57 15 58 61 62 63 64 14 69 22 70 71 72 74 75 77 78 80 19 20 82 83 86 87 88 89 93 94 96 99
0 27
0 25
10 57
10 55
25 50
27 54
27 57
27 74
1 28
16 74
16 75
23 94
23 96
12 61
12 62
12 63
28 72
2 31
6 44
6 43
21 88
21 89
18 80
31 96
3 36
13 64
36 54
36 46
4 39
39 40
39 87
5 40
9 54
9 53
17 77
17 78
44 87
7 46
8 50
55 69
15 70
15 71
15 72
58 78
61 74
62 70
63 89
64 72
14 69
22 93
70 87
71 77
71 94
75 83
75 93
80 86
19 83
19 82
20 86
20 87
88 99