0 1 2 4 32 17 33 65 6 18 34 66 11 19 12 20 36 68 21 37 69 14 22 38 23 39 24 40 25 26 74 27 76 29 77 30 46 78 31 80 51 52 53 54 55 87 56 88 57 89 90 59 91 92 93 62 97 98
0 1
1 17
2 66
2 6
4 20
32 40
32 36
32 33
17 21
17 25
33 97
65 97
6 22
18 19
34 38
66 98
11 27
19 51
12 14
20 21
36 52
68 76
68 69
21 53
21 23
37 39
14 30
14 46
14 78
22 54
22 30
38 54
23 87
23 55
23 31
39 55
24 88
24 25
25 89
26 90
26 27
26 30
74 90
27 31
27 91
76 92
29 31
77 93
80 88
51 55
51 59
52 53
54 62
56 57
57 59
89 93
92 93