0 10 13 25 26 1 5 19 28 29 2 9 33 3 34 4 21 7 38 39 41 6 16 43 44 45 20 46 47 8 11 49 51 17 52 56 12 59 61 62 18 64 65 66 14 15 67 68 69 72 74 76 81 83 22 23 87 88 90 93 24 95 97
0 26
10 56
13 64
13 65
13 66
25 56
25 44
26 28
1 28
1 29
5 41
19 83
28 66
2 33
9 52
33 97
3 34
34 62
4 38
4 39
21 88
21 90
7 47
7 46
38 88
41 47
6 43
6 44
6 45
16 74
44 51
44 66
45 97
20 87
46 90
8 51
8 49
11 59
49 52
17 76
12 61
12 62
59 69
62 64
18 81
64 69
65 81
66 90
66 76
14 68
14 69
14 67
15 72
68 74
69 72
69 95
76 93
81 83
22 93
23 95
87 95
24 97