0 5 24 26 27 1 16 30 2 9 32 33 3 34 35 36 4 39 40 42 6 14 43 7 21 48 8 13 50 52 53 10 22 19 57 12 59 17 62 63 20 18 64 68 15 23 72 73 74 75 77 81 83 85 87 88 93 94 96 97
0 27
5 42
5 40
24 97
26 96
26 77
27 73
1 30
16 74
16 75
30 36
2 32
2 33
9 52
9 53
32 48
33 50
33 35
33 42
3 36
3 34
3 35
34 62
35 94
35 85
35 83
35 97
35 53
36 75
4 39
39 83
6 43
14 68
43 52
43 81
7 48
21 88
8 50
13 64
53 57
10 57
22 93
19 83
12 62
12 63
59 74
17 77
62 93
63 64
20 87
20 85
18 81
68 73
68 72
15 72
23 94
23 96
73 83
75 88