0 2 5 1 3 23 7 17 16 10 12 6 18 21 22 9 8 13 20 30 32 29 34 44 42 38 39 46 25 26 33 48 49 28 47 69 93 70 92 52 89 72 74 75 88 98 60 53 87 97 61 54 63 55 67 57 82 58 83 81
0 9
0 26
0 67
2 47
2 3
2 13
2 6
5 1
1 7
1 39
1 16
3 22
3 20
23 89
23 30
7 32
17 67
17 44
17 42
16 18
16 53
10 32
10 92
12 33
12 9
6 67
6 18
21 13
8 33
20 82
30 29
32 52
32 29
34 92
44 61
42 87
38 39
39 63
46 48
25 26
26 28
33 72
48 49
49 28
28 74
47 81
69 93
93 70
70 92
89 88
74 75
98 60
98 97
60 61
54 63
54 55
67 57
57 58
58 83