0 10 25 26 1 29 30 2 6 31 3 22 23 36 4 5 38 19 40 16 44 20 47 8 18 49 50 51 9 12 52 54 55 57 60 62 13 17 65 14 21 67 70 71 75 77 24 79 80 82 84 87 88 89 90 92 94 95 96 97
0 26
10 57
10 55
25 87
25 29
26 62
1 29
1 30
29 44
30 88
30 65
30 51
30 70
2 31
6 44
31 40
3 36
22 92
23 94
23 96
36 94
4 38
5 40
38 50
19 82
19 84
40 62
40 90
16 75
44 47
20 87
8 50
8 51
8 49
18 79
18 80
51 71
9 52
12 62
52 96
54 80
54 92
55 60
57 88
13 65
17 77
14 67
21 88
21 89
21 90
67 89
70 75
77 94
77 97
24 97
80 95
84 94
88 95
88 94