0 14 19 21 7 25 26 1 22 29 2 4 31 33 3 20 34 35 6 5 38 13 24 41 12 43 46 47 8 16 49 9 15 23 52 53 54 10 18 57 11 58 60 61 64 65 66 68 69 71 73 75 17 78 81 83 84 85 86 87 90 93 94 99
0 25
14 68
14 69
19 83
21 90
7 46
7 47
25 35
26 46
26 53
26 99
1 29
22 93
29 93
29 73
2 33
2 31
4 38
31 78
31 57
33 69
3 34
20 86
20 87
20 85
34 61
35 64
6 43
5 41
38 52
13 66
13 65
13 64
24 99
41 58
12 61
43 65
8 49
16 75
16 73
49 65
9 52
9 53
9 54
15 71
23 94
53 87
53 75
54 94
10 57
18 81
11 58
11 60
58 66
60 81
61 68
64 85
65 83
66 71
66 84
68 86
69 90
17 78