6 7 2 8 4 11 12 9 14 20 13 15 19 21 22 26 29 31 34 28 27 33 32 30 36 37 44 39 38 41 46 95 52 51 50 49 53 54 56 57 58 55 63 60 61 62 64 68 73 72 67 98 76 82 86 90 87 91 92 96 80 83 84
6 12
6 7
2 8
8 9
4 9
4 11
12 19
12 13
9 14
14 20
20 13
20 15
13 26
15 21
21 22
22 29
26 33
26 32
26 31
29 34
29 51
29 50
29 28
34 41
27 33
32 38
30 36
36 37
37 44
44 95
44 38
39 38
39 46
41 52
95 96
51 54
50 56
49 54
53 56
54 58
56 63
57 58
55 87
63 60
60 61
61 62
61 64
62 98
64 68
64 67
73 76
73 72
72 67
98 86
82 86
86 90
87 84
87 91
91 96
91 92
80 83
83 84