0 25 26 27 1 9 12 30 2 23 21 32 33 3 24 36 4 6 37 5 20 40 44 7 10 47 48 8 14 22 49 19 52 53 16 55 56 57 59 60 17 61 13 64 65 66 15 71 72 74 75 78 18 80 82 85 86 87 88 90 91 95 97 98
0 27
0 26
0 25
25 78
26 61
27 85
27 98
27 65
27 32
1 30
9 52
12 61
30 36
2 32
2 33
23 95
21 88
21 90
32 71
32 47
33 91
3 36
24 97
24 98
36 74
4 37
6 44
37 57
5 40
20 87
20 14
20 86
20 85
40 82
40 75
44 56
7 48
10 55
10 57
10 56
47 52
47 53
48 61
8 49
22 91
49 82
19 82
16 75
16 74
55 87
56 80
59 78
60 64
17 78
13 66
13 65
13 64
15 71
15 72
75 90
75 86
18 80
88 95