0 2 13 15 16 19 25 30 32 33 47 48 49 57 62 66 67 69 72 83 98 1 23 34 41 44 51 52 56 59 64 80 86 93 3 11 24 29 31 38 60 92 10 14 21 42 45 46 53 74 58 77 55 75 79 97 68 70 73
0 15
2 25
2 38
13 32
13 68
15 1
15 24
15 72
16 55
16 80
19 46
19 48
25 47
25 73
30 24
32 69
32 41
33 11
47 97
47 66
48 59
49 73
49 74
49 14
49 64
57 34
57 68
62 45
66 44
67 59
69 75
72 79
83 21
83 45
83 29
98 31
98 64
1 64
23 79
23 70
34 86
44 92
51 58
51 29
52 14
56 74
80 46
80 31
86 73
93 11
93 14
3 10
29 42
60 55
10 73
42 73
53 58
77 73