1 2 96 97 98 5 7 8 9 11 12 13 14 16 17 18 20 22 23 26 27 29 31 33 34 36 38 39 40 41 42 43 45 48 50 51 53 54 56 57 60 62 64 66 67 68 69 71 72 74 76 80 82 83 86 87 88 89 90 92 93
1 97
1 98
2 98
2 5
96 98
96 93
5 7
7 8
8 9
9 12
11 13
11 14
12 13
14 17
16 17
16 18
18 20
20 22
22 23
23 26
26 27
27 29
29 31
31 33
33 34
34 36
36 39
38 41
38 39
40 42
40 43
41 42
43 45
45 48
48 50
48 51
51 53
53 54
54 56
54 57
57 60
60 62
62 64
64 66
66 68
67 68
68 69
69 71
71 74
72 74
74 76
80 82
82 83
83 86
86 89
87 90
87 88
89 92
90 92
92 93