0 6 27 1 15 2 28 29 30 14 32 19 9 35 4 12 38 39 5 20 40 41 42 10 44 7 11 46 47 48 8 51 52 53 54 23 16 57 22 24 58 59 60 61 62 13 64 65 21 68 72 74 17 77 79 84 85 86 87 88 93 95 97
0 27
6 44
27 62
1 28
1 29
1 30
15 72
2 32
28 93
29 38
29 32
29 59
30 74
30 52
14 68
32 57
19 84
9 52
9 54
35 54
4 39
4 38
12 62
12 61
38 77
38 97
5 40
5 41
5 42
20 87
20 86
20 85
40 44
41 51
42 58
42 88
10 57
7 48
7 47
7 46
11 60
11 58
11 59
46 58
48 79
8 51
53 84
53 62
23 95
16 74
22 93
24 97
58 61
58 86
60 65
13 65
64 77
64 72
65 95
21 88
68 85
17 77