2 3 4 10 12 13 6 7 15 18 21 27 25 19 32 22 33 24 34 35 39 41 38 43 44 45 46 51 49 50 52 55 59 58 65 66 63 62 64 67 68 73 70 72 71 76 77 81 88 79 82 84 85 89 86 91 99 90 93 96 97
2 3
3 4
4 12
10 6
10 13
12 18
12 13
13 21
6 7
15 25
15 27
18 19
18 32
25 24
19 33
19 22
22 24
33 34
33 35
34 39
35 41
39 38
41 44
43 44
44 45
45 46
45 51
51 49
49 50
50 52
52 55
55 59
59 65
59 58
65 67
65 64
65 68
66 68
63 62
62 64
67 73
73 72
73 77
70 71
70 76
71 77
77 88
77 79
81 84
88 85
88 89
79 82
84 85
89 99
89 86
86 91
91 90
99 97
90 93
96 97