79 5 58 2 8 18 3 52 14 32 62 37 15 88 61 50 73 10 63 17 55 48 56 59 75 60 29 40 24 20 57 65 72 64 33 21 31 82 85 38 86 49 9 71 70 67 4 46 28 69 54 51 44 42 80 27 36 43 66 45 13 47 25 53 81 41 83 30 68 34 76 7 39 26 1 11 23 77 35 19 12 84 78 74 87 0 22 16 6
79 19
79 0
5 84
5 87
5 88
5 71
5 52
58 65
2 30
2 20
2 44
2 19
8 88
18 86
18 25
3 54
3 64
3 24
14 69
14 85
32 72
32 53
32 69
62 15
37 82
37 57
15 27
88 61
88 81
61 23
61 59
50 33
50 80
73 55
10 76
10 70
63 17
17 82
55 43
55 66
48 80
56 21
75 30
75 60
29 57
29 28
29 22
40 16
40 84
40 78
57 34
57 87
57 6
65 30
65 34
65 26
33 45
33 51
21 12
31 71
31 67
82 54
38 13
38 49
86 77
86 41
9 45
71 47
71 70
4 26
46 41
69 54
51 35
42 45
27 16
36 45
43 11
66 45
45 76
13 47
25 1
25 74
41 83
68 34
34 77
76 12
7 39
39 77