1 2 3 4 5 6 7 8 9 10 11 12 13 14 17 18 27 24 30 31 32 28 29 19 20 21 22 23 33 34 35 36 37 38 39 89 90 42 43 48 49 50 53 54 56 57 58 60 44 45 46 61 64 65 69 72 73 76 85 86 78 80 84 93 83 96 98
1 2
1 72
2 3
3 4
4 90
4 20
4 57
4 5
5 6
6 7
6 78
7 8
8 98
8 9
9 10
9 85
10 11
10 28
11 12
12 13
13 14
17 18
18 19
27 28
24 23
30 29
30 31
31 60
31 48
32 54
32 33
28 29
29 76
19 20
20 21
21 22
22 23
23 96
33 34
34 80
34 35
34 78
35 36
36 37
37 38
38 39
89 84
42 43
43 44
48 49
49 50
53 54
56 93
56 45
56 57
57 58
60 61
44 45
45 65
45 46
64 65
69 72
72 73
85 86
85 84
84 83