33 59 37 61 81 26 45 31 28 19 80 88 24 8 52 71 95 12 54 5 79 93 82 13 43 50 14 42 41 96 2 83 23 3 46 1 75 16 21 92 99 27 72 98 70 29 66 77 36 20 86 34 64 69 73 44 15 90 56 11 35 74
33 95
59 42
59 2
59 20
37 71
37 64
61 75
61 77
61 42
61 98
81 36
26 52
26 50
45 90
45 72
31 34
31 2
28 34
19 36
19 21
19 93
80 56
88 77
24 14
24 1
24 98
8 43
52 35
52 46
71 36
71 27
71 13
95 93
12 82
12 96
54 36
5 44
5 11
79 29
79 74
82 11
82 99
82 86
13 92
13 29
43 35
42 86
41 83
96 90
96 69
83 21
23 16
23 27
23 70
3 11
92 66
99 15
98 29
98 35
20 73
15 56