1 0 2 3 6 9 10 15 17 18 19 20 21 22 24 25 27 29 31 32 33 34 35 36 37 38 39 41 43 44 46 48 50 52 53 54 55 60 65 66 67 68 69 73 74 76 77 78 79 80 83 84 85 86 88 91 94 95 97 99
1 2
1 0
0 43
2 3
6 85
9 74
9 10
10 20
10 60
15 34
17 25
17 41
17 18
19 85
20 21
20 52
21 22
22 25
24 43
24 25
27 68
29 97
29 95
31 32
32 33
33 68
34 46
35 80
35 85
35 36
35 79
37 76
37 46
37 95
37 65
38 65
38 86
39 43
41 94
43 65
43 80
43 44
43 48
44 53
48 68
50 78
50 79
54 65
54 55
65 73
66 99
66 69
67 68
68 69
73 84
76 77
78 88
83 84
91 95