14 54 89 96 67 18 50 72 25 70 58 90 5 30 86 36 53 87 73 20 4 10 61 84 46 94 41 93 83 12 26 21 64 65 39 35 47 2 63 43 76 85 82 1 99 34 19 31 38 74 92 32 13 69 42 56 97 44 80 59 91
14 54
54 31
54 63
89 56
96 25
96 84
67 18
18 43
18 69
18 90
50 58
50 92
50 74
72 39
72 25
72 82
70 44
70 53
58 5
58 86
5 42
30 99
30 65
86 34
36 12
36 65
36 80
53 4
87 76
73 4
73 46
20 41
20 38
10 39
10 42
10 65
10 63
10 64
61 80
94 85
93 43
93 32
83 76
83 69
26 1
21 38
64 44
65 69
35 19
47 56
47 97
2 99
85 69
1 34
1 59
34 38
19 56
13 42
42 56
59 91