8 4 10 5 16 9 18 23 12 24 27 21 29 6 33 34 2 3 39 15 19 40 41 20 42 26 43 44 0 45 46 17 49 51 52 53 55 25 56 58 59 60 62 64 66 67 28 38 68 11 69 70 73 74 14 76 78 80 81 82 85 86 87 89 90 91 92 93 94 97 99
8 4
8 67
8 10
4 45
10 89
10 51
5 18
16 90
16 9
16 18
9 76
9 27
18 24
23 12
23 56
23 33
12 43
27 21
29 58
29 69
6 64
34 97
2 68
3 92
3 53
39 19
39 15
15 90
19 59
40 91
41 20
20 85
20 60
42 26
42 55
26 62
44 68
0 53
45 82
46 78
46 17
17 49
17 52
49 56
51 87
52 70
52 74
53 66
55 56
55 25
58 92
59 94
60 80
62 64
66 74
67 28
67 38
28 70
38 73
68 11
11 87
73 91
74 14
14 80
78 93
78 90
81 89
86 99
87 97
93 99