1 2 3 4 5 6 12 13 14 7 11 16 18 19 15 24 26 27 28 29 30 31 35 37 38 39 32 36 41 43 44 40 49 60 53 50 51 52 54 55 56 62 63 64 67 66 68 69 65 99 76 75 77 78 80 81 87 88 89 91 93 94 95
1 2
1 3
2 6
2 5
2 4
5 13
5 14
6 7
12 13
12 11
13 16
13 19
13 18
14 15
19 24
15 26
26 27
26 28
27 30
27 29
27 31
28 35
30 38
30 39
31 32
35 36
37 38
38 44
38 43
38 41
39 40
44 49
40 53
60 53
60 67
53 51
50 51
51 52
52 55
52 54
52 56
55 64
55 63
62 63
63 68
63 69
63 66
64 65
65 99
65 76
99 95
76 77
76 78
76 75
77 80
77 81
80 88
80 89
87 88
88 93
88 94
88 91