0 12 19 23 31 36 58 64 66 89 97 1 4 9 41 43 72 73 83 99 2 14 18 55 62 82 84 27 60 74 79 96 8 11 22 26 29 57 71 90 92 30 32 38 49 50 6 24 39 54 94 7 77 48 91 46 85 15 35 76
0 89
12 15
19 23
19 58
23 11
23 97
31 89
31 90
31 41
31 97
31 9
31 15
36 54
36 22
58 2
64 73
66 30
66 4
66 92
89 60
89 26
89 72
97 49
1 41
1 43
4 90
9 99
9 48
72 85
73 57
83 6
83 26
99 35
14 15
14 94
18 48
55 77
62 7
82 27
82 50
84 71
84 38
27 49
60 46
74 24
79 15
96 30
8 24
11 32
22 90
26 57
26 39
29 15
71 6
90 24
32 7
77 76
77 91
91 46