0 93 49 1 18 19 65 47 22 67 92 5 68 6 27 7 41 79 8 58 30 56 59 11 48 31 60 12 44 70 20 14 90 94 15 32 39 62 28 80 17 53 71 34 52 46 21 86 89 75 23 72 84 82 54 29 55 37 78 38 99 40 97 83 73 69 91 64 98 85 87
0 49
93 79
49 91
49 64
1 65
1 18
18 34
18 8
18 19
19 52
65 23
65 40
47 73
22 5
22 12
22 20
22 75
67 64
67 56
67 15
67 53
92 7
68 80
6 27
27 21
7 41
7 79
41 82
8 30
8 58
58 89
59 54
11 48
11 60
11 31
48 12
48 69
31 55
60 84
12 44
12 70
44 82
44 29
14 90
14 94
90 85
90 39
94 46
15 32
39 37
62 73
28 54
28 82
80 78
17 53
71 98
71 21
34 38
34 78
34 99
46 38
21 86
86 64
72 64
72 97
82 64
82 38
54 73
99 87
97 83