23 27 1 8 19 16 29 2 31 3 5 35 36 4 20 37 12 18 41 14 43 44 7 24 47 48 51 9 21 53 54 10 13 15 55 56 11 17 58 60 61 62 64 68 69 22 70 74 75 76 77 78 79 81 82 86 89 92 94 97 98 99
23 94
27 68
1 29
8 51
19 82
16 74
16 75
29 81
2 31
31 98
31 75
31 64
3 36
5 41
35 44
35 99
36 97
4 37
20 86
37 98
37 68
12 62
12 61
18 79
18 81
41 53
14 69
43 69
43 55
7 48
7 47
24 97
24 99
24 98
48 55
51 92
9 53
9 54
21 89
54 70
54 97
10 56
10 55
13 64
15 70
55 89
56 97
11 60
11 58
17 77
17 76
17 78
58 98
61 81
62 97
22 92
75 92
76 86
77 94
78 97
82 99