0 14 23 19 26 27 1 2 30 31 32 36 4 10 37 39 5 17 20 41 42 6 15 12 44 7 9 47 48 8 18 50 51 52 24 56 57 11 58 60 61 62 63 13 22 64 67 69 70 71 72 74 77 80 81 82 87 21 88 91 92 93 96 99
0 27
0 26
14 69
23 96
19 82
26 82
26 44
27 52
27 91
27 62
1 30
2 31
30 67
31 39
32 92
36 64
4 37
4 39
10 56
10 57
37 74
39 63
5 42
5 41
17 77
20 87
41 58
41 62
42 69
6 44
15 72
15 70
15 71
12 63
12 62
12 61
7 47
7 48
9 52
47 71
8 50
18 81
50 81
51 61
52 67
52 64
24 99
56 80
57 62
11 58
11 60
62 70
62 77
13 64
22 93
22 92
22 91
71 81
72 96
80 88
81 99
87 91
21 88