0 5 16 26 27 1 21 29 30 2 9 3 31 7 35 36 4 11 37 39 12 40 41 6 43 44 45 46 48 8 14 51 10 52 56 22 59 17 61 13 64 67 15 19 23 70 73 74 75 77 78 18 81 83 20 24 85 86 88 90 92 96 99
0 27
0 26
5 41
5 40
16 75
16 74
16 73
26 29
26 73
27 56
1 29
1 30
21 88
21 90
29 35
29 83
30 31
2 31
9 52
3 36
3 35
7 46
7 48
36 67
4 39
4 37
11 59
37 59
39 90
39 40
39 75
39 64
12 61
40 51
41 99
6 44
6 45
6 43
43 85
44 74
45 92
46 70
48 74
48 96
8 51
14 67
10 56
52 86
22 92
17 78
61 88
13 64
15 70
19 83
23 96
77 92
78 92
18 81
81 90
20 85
20 86
24 99