1 5 4 6 9 3 21 2 94 90 92 93 86 7 8 12 88 10 11 13 55 15 16 17 18 19 20 35 22 52 23 24 71 25 26 91 29 31 32 34 36 83 38 39 51 79 80 54 62 57 84 60 61 63 64 78 77 74 75 85
1 62
1 29
1 4
1 80
1 5
5 9
4 2
6 93
6 74
9 54
3 21
3 2
2 12
2 94
94 23
94 92
90 38
92 15
92 51
93 86
86 19
7 8
7 38
8 12
12 11
88 64
10 11
10 31
11 39
11 52
13 91
55 62
15 85
16 17
16 78
17 18
18 19
19 20
19 61
20 35
35 36
35 34
22 52
23 32
24 71
24 26
24 25
71 74
26 91
91 29
31 57
32 63
36 64
36 83
83 84
79 64
60 61
77 75
75 85