10 22 25 1 11 17 30 2 31 32 33 3 16 9 13 34 35 36 4 37 5 24 40 41 42 6 44 7 18 47 48 8 15 51 53 21 55 19 58 59 60 12 62 65 14 23 68 69 70 73 75 77 80 82 83 84 85 87 89 91 92 93 94 95 96 97 99
10 55
22 92
22 93
22 91
25 73
1 30
11 58
11 59
11 60
17 77
30 58
2 31
2 33
2 32
31 89
31 70
31 77
32 85
33 36
33 65
3 34
3 35
3 36
16 73
16 75
9 53
13 65
34 68
34 41
35 75
36 59
4 37
37 48
5 42
5 41
5 40
24 99
24 97
41 51
42 99
42 48
6 44
44 65
7 48
18 80
47 80
47 91
8 51
15 70
53 69
21 89
55 94
19 82
19 83
19 84
12 62
62 92
14 69
14 68
23 95
23 94
68 91
68 82
69 87
75 95
84 96