0 19 24 27 8 30 2 11 7 31 3 35 36 9 10 13 39 5 41 6 45 47 21 49 50 51 12 52 14 15 55 60 61 63 16 64 67 70 71 72 18 74 75 17 23 76 78 22 80 83 84 86 87 89 91 93 94 95 96 97 98 99
0 27
19 83
24 97
24 98
24 99
27 86
8 51
8 50
8 49
30 93
2 31
11 60
7 47
31 35
3 35
3 36
35 95
36 39
9 52
10 55
13 64
5 41
41 67
6 45
45 63
47 55
21 89
49 71
49 83
50 84
51 96
12 61
52 94
14 67
15 71
15 72
15 70
55 60
60 83
60 93
61 64
63 84
16 75
16 74
64 83
67 84
70 91
70 74
72 89
18 80
74 80
17 78
17 76
23 96
23 94
23 95
76 84
22 91
83 98
86 96
87 95