80 58 14 7 83 20 86 94 42 12 36 50 82 59 81 64 39 48 41 19 89 30 3 28 23 9 37 97 67 33 27 61 10 16 54 60 65 52 8 51 68 71 32 88 35 13 26 21 72 15 98 95 17 31 49 96 77 53 29 46
80 94
80 82
80 58
58 10
58 42
58 3
14 61
7 19
7 37
83 37
83 20
20 8
86 94
86 37
94 27
42 33
42 96
42 39
12 30
12 51
36 16
50 53
50 68
82 54
59 60
59 89
81 64
81 19
64 98
48 13
41 17
41 21
19 30
89 77
89 71
3 28
23 46
23 97
9 37
9 88
37 21
37 97
37 31
97 49
97 26
67 13
67 26
27 65
61 10
16 54
65 71
65 52
51 29
32 88
35 49
13 95
72 49
15 46
31 53