0 14 5 8 25 26 1 15 4 30 2 3 32 12 36 23 38 17 40 6 19 10 45 7 11 20 48 13 16 51 9 21 53 54 55 56 58 62 66 69 72 18 24 74 75 76 77 78 80 81 84 86 88 90 22 92 96 97 98 99
0 26
0 25
14 69
5 40
8 51
25 45
25 76
25 69
25 88
26 55
26 98
1 30
15 72
4 38
30 45
2 32
3 36
32 81
12 62
36 38
36 69
23 96
17 78
17 77
17 76
40 97
6 45
19 84
10 55
10 56
7 48
11 58
20 86
48 53
13 66
16 75
16 74
51 77
9 53
9 54
21 90
21 88
53 55
54 92
58 75
62 74
66 90
72 99
18 80
18 81
24 98
24 97
24 99
75 96
75 84
75 76
78 80
86 90
22 92