33 65 93 88 75 82 84 15 87 73 35 44 92 26 29 85 43 45 27 94 41 21 51 39 61 47 49 34 76 10 95 62 72 96 71 83 50 12 8 64 19 59 24 3 60 25 16 30 98 63 58 48 17 67 38 79 36 89
33 82
33 47
33 65
33 89
93 44
93 48
88 10
88 43
75 50
75 79
84 95
84 73
15 49
87 25
87 67
73 29
73 3
35 26
35 43
35 36
35 96
44 34
92 8
92 25
26 49
29 24
29 51
85 41
85 58
43 61
43 67
45 27
27 49
94 3
21 64
21 51
51 50
51 58
39 71
61 47
61 17
61 76
47 58
34 59
76 72
76 98
62 58
62 19
96 60
71 89
83 30
12 59
25 16
30 58
30 48
63 38
48 38