2 3 4 6 7 8 11 13 14 17 18 19 20 21 23 25 27 31 32 37 39 42 44 45 47 48 51 52 56 57 59 62 63 64 65 66 67 68 69 70 71 72 74 77 82 83 84 85 86 88 89 90 91 93 94 95 96 97 98
2 94
2 45
3 95
4 44
4 68
6 7
6 71
6 48
7 8
8 32
11 98
11 63
13 74
14 91
14 69
14 47
17 66
18 83
18 96
19 64
19 20
20 21
23 70
23 31
25 77
27 65
31 37
37 42
39 67
42 77
45 95
45 93
47 64
48 90
51 67
52 68
52 83
56 88
56 59
56 65
57 69
62 85
63 70
63 66
65 66
67 89
70 71
70 85
71 72
72 95
74 84
82 83
83 86
84 86
88 89
90 91
93 97
95 96