0 54 1 87 2 68 55 4 40 82 49 85 9 23 11 58 69 13 78 14 16 36 17 64 60 19 81 20 21 27 22 29 90 79 26 74 83 42 31 39 37 95 45 43 67 46 71 47 48 70 50 52 57 77 75 96 92 86 89
0 58
0 54
0 70
54 23
1 87
1 40
87 46
2 68
2 64
68 70
55 31
55 50
55 48
4 40
40 47
82 22
82 96
49 70
49 67
85 77
9 23
9 14
9 79
11 58
11 74
58 92
58 20
69 21
13 57
13 78
78 75
78 22
16 36
36 90
36 37
36 20
17 71
17 64
64 22
64 77
60 75
19 81
81 48
20 52
21 27
27 83
29 42
26 74
26 43
83 52
42 45
42 43
31 39
39 37
95 57
46 71
46 86
77 89