0 11 6 25 1 28 30 2 14 24 32 33 3 17 35 4 21 23 38 5 18 40 41 43 7 16 10 46 15 13 19 51 9 22 52 54 56 57 20 59 63 65 67 68 69 70 71 72 74 77 78 79 81 82 85 86 88 89 90 92 96 99
0 25
11 59
6 43
25 52
1 30
1 28
28 79
30 99
2 32
2 33
14 69
14 68
14 67
24 99
32 78
32 96
32 43
3 35
17 77
17 78
35 69
35 59
4 38
21 88
21 90
23 96
38 71
5 40
5 41
18 81
18 79
40 68
41 85
43 46
7 46
16 74
10 56
10 57
15 72
15 71
13 65
19 82
51 90
9 52
9 54
22 92
54 78
54 70
54 82
56 78
57 74
20 85
20 86
59 63
65 67
69 78
72 78
77 92
78 79
81 88
89 92