0 7 4 25 26 27 1 30 2 22 31 32 33 3 13 35 36 5 39 12 40 41 42 6 15 8 44 46 47 48 24 51 9 52 53 54 10 21 56 11 59 62 63 66 14 18 69 70 16 75 19 78 80 82 84 87 88 90 92 93 94 97
0 27
0 26
0 25
7 48
7 47
7 46
4 39
25 35
25 84
25 75
25 51
26 48
27 39
1 30
30 93
2 31
2 32
2 33
22 93
22 92
31 97
32 87
33 47
3 36
3 35
13 66
35 94
5 40
5 41
5 42
12 62
12 63
40 47
6 44
15 70
8 51
44 48
46 69
46 53
46 88
48 92
48 63
48 70
48 59
24 97
9 54
9 52
52 80
52 70
53 66
54 82
10 56
21 88
21 90
56 75
11 59
14 69
18 80
16 75
19 84
78 93